Using pre-set license
Built from '2021.3/china_unity/release' branch; Version is '2021.3.2f1c1 (7ac240095d88) revision 8045120'; Using compiler version '192829333'; Build Type 'Release'
OS: 'Windows 11  (10.0.22621) 64bit CoreCountrySpecific' Language: 'zh' Physical Memory: 16021 MB
BatchMode: 1, IsHumanControllingUs: 0, StartBugReporterOnCrash: 0, Is64bit: 1, IsPro: 1

COMMAND LINE ARGUMENTS:
D:\Program Files\2021.3.2f1c1\Editor\Unity.exe
-adb2
-batchMode
-noUpm
-name
AssetImportWorker848
-projectPath
E:/Unityproject/ARK
-logFile
Logs/AssetImportWorker848.log
-srvPort
54141
Successfully changed project path to: E:/Unityproject/ARK
E:/Unityproject/ARK
[UnityMemory] Configuration Parameters - Can be set up in boot.config
    "memorysetup-bucket-allocator-granularity=16"
    "memorysetup-bucket-allocator-bucket-count=8"
    "memorysetup-bucket-allocator-block-size=33554432"
    "memorysetup-bucket-allocator-block-count=8"
    "memorysetup-main-allocator-block-size=16777216"
    "memorysetup-thread-allocator-block-size=16777216"
    "memorysetup-gfx-main-allocator-block-size=16777216"
    "memorysetup-gfx-thread-allocator-block-size=16777216"
    "memorysetup-cache-allocator-block-size=4194304"
    "memorysetup-typetree-allocator-block-size=2097152"
    "memorysetup-profiler-bucket-allocator-granularity=16"
    "memorysetup-profiler-bucket-allocator-bucket-count=8"
    "memorysetup-profiler-bucket-allocator-block-size=33554432"
    "memorysetup-profiler-bucket-allocator-block-count=8"
    "memorysetup-profiler-allocator-block-size=16777216"
    "memorysetup-profiler-editor-allocator-block-size=1048576"
    "memorysetup-temp-allocator-size-main=16777216"
    "memorysetup-job-temp-allocator-block-size=2097152"
    "memorysetup-job-temp-allocator-block-size-background=1048576"
    "memorysetup-job-temp-allocator-reduction-small-platforms=262144"
    "memorysetup-temp-allocator-size-background-worker=32768"
    "memorysetup-temp-allocator-size-job-worker=262144"
    "memorysetup-temp-allocator-size-preload-manager=33554432"
    "memorysetup-temp-allocator-size-nav-mesh-worker=65536"
    "memorysetup-temp-allocator-size-audio-worker=65536"
    "memorysetup-temp-allocator-size-cloud-worker=32768"
    "memorysetup-temp-allocator-size-gi-baking-worker=262144"
    "memorysetup-temp-allocator-size-gfx=262144"
AS: AutoStreaming module initializing.
mdb reader table full -> cleaning up stale readers. Current readers:
    pid     thread     txnid
     15500 7870 -
     15500 72a4 -
     15500 5350 -
     42608 7280 -
     10912 4918 -
     41628 b7a4 -
     46496 7804 -
     11280 b8ac -
     47652 86f8 -
     37324 b988 -
     46260 7ad4 -
     47524 9170 -
      4444 8d78 -
     46816 9110 -
     44320 87fc -
     15500 19cc -
     15500 9d38 -
     15500 488c -
     47916 ad10 -
     41804 79bc -
     15500 3ba8 -
     46212 b9b4 -
     49092 bfc8 -
     49140 bff8 -
     45060 b9c8 -
      7760 baa8 -
     48860 bf9c -
     40736 5fac -
     47880 bfd8 -
     42300 b120 -
     48936 b1b0 -
     47616 18fc -
     45212 48dc -
      1776 afc8 -
     46456 acd0 -
     40432 b6a0 -
     43800 56ac -
     43820 bc24 -
     48260 bd18 -
     47284 bec4 -
     49056 a474 -
     41892 b740 -
     40476 b878 -
     15500 6974 -
     15500 84ec -
     15500 3cb4 -
     15500 4314 -
     15500 2db0 -
     15500 7a30 -
     15500 7b1c -
     15500 573c -
     15500 96e0 -
     15500 96ac -
     15500 c84 -
     15500 6b44 -
     15500 2f18 -
     48048 bbac -
     48660 baf0 -
     44036 aa8c -
     46104 b9e8 -
     43444 a4f4 -
     48644 a894 -
     49004 b86c -
     35620 ae84 -
     48108 2d44 -
     48188 bb50 -
     49028 bd44 -
     47420 bb28 -
     35764 b6fc -
     48580 ae90 -
     48412 b100 -
     44608 ba68 -
     48972 bee8 -
     40148 bdc8 -
     44052 be20 -
     50132 c3d8 -
     15500 6574 -
     47572 bdc0 -
     49992 c34c -
     42192 ae54 -
     49760 c278 -
     49904 bd68 -
     46336 c234 -
     50100 bf7c -
     49480 c25c -
     49692 c17c -
     49440 b7cc -
     48776 bcc8 -
     46124 a1b4 -
     46292 c0e8 -
     47644 b084 -
     48416 98d8 -
     32924 b5cc -
     41048 c07c -
     43956 46b8 -
     50020 bcc0 -
     21592 c20c -
     41280 c060 -
     48628 ae7c -
     47016 bf94 -
     49184 aa38 -
     48720 9e10 -
     49068 c12c -
      7164 c0ac -
     42220 bfe0 -
     45636 bb34 -
     48716 a984 -
     46820 b070 -
     51104 c798 -
     51040 c758 -
     47876 bc08 -
     50368 c4c4 -
     41032 bda4 -
     43372 bce8 -
     50080 c1ec -
     51140 a73c -
     44372 5ef8 -
      6192 c65c -
     40428 7dd8 -
     49680 c664 -
     48504 bc34 -
     13880 c654 -
     50948 b710 -
     47048 c2e0 -
     48368 ad5c 44226
     47308 ad00 -
Cleaned out 104 stale readers
Refreshing native plugins compatible for Editor in 134.25 ms, found 4 plugins.
Preloading 0 native plugins for Editor in 0.00 ms.
Initialize engine version: 2021.3.2f1c1 (7ac240095d88)
[Subsystems] Discovering subsystems at path D:/Program Files/2021.3.2f1c1/Editor/Data/Resources/UnitySubsystems
[Subsystems] Discovering subsystems at path E:/Unityproject/ARK/Assets
GfxDevice: creating device client; threaded=0; jobified=0
Direct3D:
    Version:  Direct3D 11.0 [level 11.1]
    Renderer: NVIDIA GeForce RTX 3060 Laptop GPU (ID=0x2560)
    Vendor:   NVIDIA
    VRAM:     6009 MB
    Driver:   31.0.15.3758
Initialize mono
Mono path[0] = 'D:/Program Files/2021.3.2f1c1/Editor/Data/Managed'
Mono path[1] = 'D:/Program Files/2021.3.2f1c1/Editor/Data/MonoBleedingEdge/lib/mono/unityjit-win32'
Mono config path = 'D:/Program Files/2021.3.2f1c1/Editor/Data/MonoBleedingEdge/etc'
Using monoOptions --debugger-agent=transport=dt_socket,address=127.0.0.1:54126,server=n,suspend=y
