Using pre-set license
Built from '2021.3/china_unity/release' branch; Version is '2021.3.2f1c1 (7ac240095d88) revision 8045120'; Using compiler version '192829333'; Build Type 'Release'
OS: 'Windows 11  (10.0.22621) 64bit CoreCountrySpecific' Language: 'zh' Physical Memory: 16021 MB
BatchMode: 1, IsHumanControllingUs: 0, StartBugReporterOnCrash: 0, Is64bit: 1, IsPro: 1

COMMAND LINE ARGUMENTS:
D:\Program Files\2021.3.2f1c1\Editor\Unity.exe
-adb2
-batchMode
-noUpm
-name
AssetImportWorker1056
-projectPath
E:/Unityproject/ARK
-logFile
Logs/AssetImportWorker1056.log
-srvPort
54141
Successfully changed project path to: E:/Unityproject/ARK
E:/Unityproject/ARK
[UnityMemory] Configuration Parameters - Can be set up in boot.config
    "memorysetup-bucket-allocator-granularity=16"
    "memorysetup-bucket-allocator-bucket-count=8"
    "memorysetup-bucket-allocator-block-size=33554432"
    "memorysetup-bucket-allocator-block-count=8"
    "memorysetup-main-allocator-block-size=16777216"
    "memorysetup-thread-allocator-block-size=16777216"
    "memorysetup-gfx-main-allocator-block-size=16777216"
    "memorysetup-gfx-thread-allocator-block-size=16777216"
    "memorysetup-cache-allocator-block-size=4194304"
    "memorysetup-typetree-allocator-block-size=2097152"
    "memorysetup-profiler-bucket-allocator-granularity=16"
    "memorysetup-profiler-bucket-allocator-bucket-count=8"
    "memorysetup-profiler-bucket-allocator-block-size=33554432"
    "memorysetup-profiler-bucket-allocator-block-count=8"
    "memorysetup-profiler-allocator-block-size=16777216"
    "memorysetup-profiler-editor-allocator-block-size=1048576"
    "memorysetup-temp-allocator-size-main=16777216"
    "memorysetup-job-temp-allocator-block-size=2097152"
    "memorysetup-job-temp-allocator-block-size-background=1048576"
    "memorysetup-job-temp-allocator-reduction-small-platforms=262144"
    "memorysetup-temp-allocator-size-background-worker=32768"
    "memorysetup-temp-allocator-size-job-worker=262144"
    "memorysetup-temp-allocator-size-preload-manager=33554432"
    "memorysetup-temp-allocator-size-nav-mesh-worker=65536"
    "memorysetup-temp-allocator-size-audio-worker=65536"
    "memorysetup-temp-allocator-size-cloud-worker=32768"
    "memorysetup-temp-allocator-size-gi-baking-worker=262144"
    "memorysetup-temp-allocator-size-gfx=262144"
AS: AutoStreaming module initializing.
mdb reader table full -> cleaning up stale readers. Current readers:
    pid     thread     txnid
     15500 7870 -
     15500 72a4 -
     15500 5350 -
     49008 c6c0 -
     42536 6d5c -
     50976 ca94 -
     51632 bc54 -
     39836 c9a0 -
     50776 a22c -
     49176 c684 -
     45252 b92c -
     49548 93e8 -
     48244 c924 -
     51916 8ba8 -
     49304 c438 -
     15500 19cc -
     15500 9d38 -
     15500 488c -
     51540 bcbc -
     51280 ae68 -
     15500 3ba8 -
     49344 c830 -
     48324 ca34 -
     45956 b050 -
     49940 c738 -
     48880 c13c -
     27396 bf64 -
     42232 a0dc -
     51588 bb48 -
     45148 acf0 -
     49672 4b84 -
      4200 b908 -
     46828 c2b8 -
     46024 be9c -
     45936 c874 -
     42864 c5bc -
     48976 cad0 -
     48532 c7e0 -
     49744 c178 -
     49728 bd84 -
     48492 ca98 -
     52636 cda0 -
     44020 c8cc -
     15500 6974 -
     15500 84ec -
     15500 3cb4 -
     15500 4314 -
     15500 2db0 -
     15500 7a30 -
     15500 7b1c -
     15500 573c -
     15500 96e0 -
     15500 96ac -
     15500 c84 -
     15500 6b44 -
     15500 2f18 -
     53152 bcd4 -
      8452 a524 -
     53240 cf68 -
     50468 6ce8 -
     52812 bb64 -
     52284 a2e0 -
     52328 ba6c -
     50428 5e78 -
     48908 caa8 -
     52604 cc24 -
     47888 b830 -
      8460 cfbc -
     52080 c808 -
     48748 c390 -
     45456 c480 -
     46352 bc78 -
     52852 c094 -
     53216 ce78 -
     52664 1764 -
     50972 cd58 -
     15500 6574 -
     44612 bc9c -
     49328 9e24 -
     44116 ab98 -
     45036 5168 -
     38784 ce58 -
     47956 c864 -
     50292 a8f0 -
     51396 bf78 -
     52628 c698 -
     47796 cc28 -
     48912 c7fc -
     52616 cb7c -
     52688 cd2c -
     53224 c004 -
     48280 c354 -
     43104 ce34 -
     52656 b828 -
     51868 c7b0 -
     52668 b920 -
     49240 cd5c -
     50332 bc38 -
     51700 b568 -
     52512 af94 -
     42256 cfc8 -
     50284 c944 -
     44316 cdcc -
     51748 cb2c -
     47328 c420 -
     52964 bb4c -
     45536 4028 -
     53068 ccf8 -
     50172 cd64 -
     45604 b128 -
     44388 cad4 -
     52676 ca20 -
     52956 cfd8 -
     47000 a848 -
     52244 c06c -
     47428 cc60 -
     45256 cf2c -
     51416 b258 -
     50580 3f70 -
     52312 bd88 -
     50916 be68 -
     49524 b984 -
     52752 ce98 -
     48036 afc0 -
     48544 cdec 44604
     44332 ca90 -
Cleaned out 104 stale readers
Refreshing native plugins compatible for Editor in 145.03 ms, found 4 plugins.
Preloading 0 native plugins for Editor in 0.00 ms.
Initialize engine version: 2021.3.2f1c1 (7ac240095d88)
[Subsystems] Discovering subsystems at path D:/Program Files/2021.3.2f1c1/Editor/Data/Resources/UnitySubsystems
[Subsystems] Discovering subsystems at path E:/Unityproject/ARK/Assets
GfxDevice: creating device client; threaded=0; jobified=0
Direct3D:
    Version:  Direct3D 11.0 [level 11.1]
    Renderer: NVIDIA GeForce RTX 3060 Laptop GPU (ID=0x2560)
    Vendor:   NVIDIA
    VRAM:     6009 MB
    Driver:   31.0.15.3758
Initialize mono
Mono path[0] = 'D:/Program Files/2021.3.2f1c1/Editor/Data/Managed'
Mono path[1] = 'D:/Program Files/2021.3.2f1c1/Editor/Data/MonoBleedingEdge/lib/mono/unityjit-win32'
Mono config path = 'D:/Program Files/2021.3.2f1c1/Editor/Data/MonoBleedingEdge/etc'
Using monoOptions --debugger-agent=transport=dt_socket,address=127.0.0.1:54126,server=n,suspend=y
