Using pre-set license
Built from '2021.3/china_unity/release' branch; Version is '2021.3.2f1c1 (7ac240095d88) revision 8045120'; Using compiler version '192829333'; Build Type 'Release'
OS: 'Windows 11  (10.0.22621) 64bit CoreCountrySpecific' Language: 'zh' Physical Memory: 16021 MB
BatchMode: 1, IsHumanControllingUs: 0, StartBugReporterOnCrash: 0, Is64bit: 1, IsPro: 1

COMMAND LINE ARGUMENTS:
D:\Program Files\2021.3.2f1c1\Editor\Unity.exe
-adb2
-batchMode
-noUpm
-name
AssetImportWorker1383
-projectPath
E:/Unityproject/ARK
-logFile
Logs/AssetImportWorker1383.log
-srvPort
54141
Successfully changed project path to: E:/Unityproject/ARK
E:/Unityproject/ARK
[UnityMemory] Configuration Parameters - Can be set up in boot.config
    "memorysetup-bucket-allocator-granularity=16"
    "memorysetup-bucket-allocator-bucket-count=8"
    "memorysetup-bucket-allocator-block-size=33554432"
    "memorysetup-bucket-allocator-block-count=8"
    "memorysetup-main-allocator-block-size=16777216"
    "memorysetup-thread-allocator-block-size=16777216"
    "memorysetup-gfx-main-allocator-block-size=16777216"
    "memorysetup-gfx-thread-allocator-block-size=16777216"
    "memorysetup-cache-allocator-block-size=4194304"
    "memorysetup-typetree-allocator-block-size=2097152"
    "memorysetup-profiler-bucket-allocator-granularity=16"
    "memorysetup-profiler-bucket-allocator-bucket-count=8"
    "memorysetup-profiler-bucket-allocator-block-size=33554432"
    "memorysetup-profiler-bucket-allocator-block-count=8"
    "memorysetup-profiler-allocator-block-size=16777216"
    "memorysetup-profiler-editor-allocator-block-size=1048576"
    "memorysetup-temp-allocator-size-main=16777216"
    "memorysetup-job-temp-allocator-block-size=2097152"
    "memorysetup-job-temp-allocator-block-size-background=1048576"
    "memorysetup-job-temp-allocator-reduction-small-platforms=262144"
    "memorysetup-temp-allocator-size-background-worker=32768"
    "memorysetup-temp-allocator-size-job-worker=262144"
    "memorysetup-temp-allocator-size-preload-manager=33554432"
    "memorysetup-temp-allocator-size-nav-mesh-worker=65536"
    "memorysetup-temp-allocator-size-audio-worker=65536"
    "memorysetup-temp-allocator-size-cloud-worker=32768"
    "memorysetup-temp-allocator-size-gi-baking-worker=262144"
    "memorysetup-temp-allocator-size-gfx=262144"
AS: AutoStreaming module initializing.
mdb reader table full -> cleaning up stale readers. Current readers:
    pid     thread     txnid
     15500 7870 -
     15500 72a4 -
     53320 c040 -
     58196 d734 -
     15500 c078 -
     58204 e06c -
     57864 e20c -
     57904 e234 -
     15500 e070 -
     52792 b28c -
     50884 bed4 -
     13224 dd58 -
     56652 da7c -
     15500 e118 -
     57812 d9dc -
     51436 e37c -
     15500 19cc -
     15500 3a48 -
     57792 e320 -
     15500 7100 -
     56296 e048 -
     15500 c18c -
     15500 bf00 -
     15500 3ba8 -
     15500 c578 -
     52736 e19c -
     16708 a4c0 -
     46880 7e08 -
     15500 dde8 -
     15500 c164 -
     15500 c174 -
     15500 68b8 -
     52332 d6f4 -
     51384 e250 -
     45364 b164 -
     56756 2610 -
     15500 cd98 -
     48124 e1cc -
     58096 d8ec -
     58244 d8b8 -
     57420 c880 -
     54044 d888 -
     42240 df94 -
     53652 a384 -
     15500 6974 -
     15500 84ec -
     15500 3cb4 -
     15500 4314 -
     15500 2db0 -
     15500 7a30 -
     15500 7b1c -
     15500 573c -
     15500 96e0 -
     15500 96ac -
     15500 c84 -
     15500 6b44 -
     15500 2f18 -
     37252 d4d4 -
     51148 c620 -
     15500 d560 -
     45640 e394 -
     58192 5650 -
     54352 bf54 -
     45424 db64 -
     56936 e104 -
     15500 e21c -
     57524 dac8 -
     56552 d954 -
     15500 c6f8 -
     55396 e1c8 -
     38880 dd10 -
     43136 dd08 -
     11920 dc58 -
     57076 d040 -
     57108 e09c -
     54844 e2b8 -
     58136 cbc4 -
     54928 d568 -
     41344 daa8 -
     50504 b868 -
     57312 dd24 -
     15500 d140 -
     15500 b8a8 -
     15500 8d54 -
     15500 d350 -
     45932 dd44 -
     58092 d408 -
     56836 de9c -
     41248 bf00 -
     46972 e1ac -
     26300 1d7c -
     15500 e268 -
     15500 b364 -
     47320 e390 -
     58080 9444 -
     15500 c2c4 -
     57352 a264 -
     56952 d53c -
     15500 bb38 -
     35392 d1b4 -
     53696 4738 -
     20212 d460 -
     57128 84e4 -
     55380 b780 -
     55752 e014 -
     56344 dbec -
     15500 9e24 -
     56428 d93c -
     13600 dbc8 -
     56404 c2bc -
     54416 e364 -
     15500 ca18 -
     15500 a574 -
     31704 a874 -
     56808 e1f4 -
     19488 dd2c -
     56204 de5c -
     26516 cb0c -
     26292 dfd8 -
     51272 d5c4 -
     55896 daec -
     50356 c4a8 -
     51812 c088 -
     40492 d7a0 -
     54004 bc2c -
     51780 5494 -
Cleaned out 82 stale readers
Refreshing native plugins compatible for Editor in 117.58 ms, found 4 plugins.
Preloading 0 native plugins for Editor in 0.00 ms.
Initialize engine version: 2021.3.2f1c1 (7ac240095d88)
[Subsystems] Discovering subsystems at path D:/Program Files/2021.3.2f1c1/Editor/Data/Resources/UnitySubsystems
[Subsystems] Discovering subsystems at path E:/Unityproject/ARK/Assets
GfxDevice: creating device client; threaded=0; jobified=0
Direct3D:
    Version:  Direct3D 11.0 [level 11.1]
    Renderer: NVIDIA GeForce RTX 3060 Laptop GPU (ID=0x2560)
    Vendor:   NVIDIA
    VRAM:     6009 MB
    Driver:   31.0.15.3758
Initialize mono
Mono path[0] = 'D:/Program Files/2021.3.2f1c1/Editor/Data/Managed'
Mono path[1] = 'D:/Program Files/2021.3.2f1c1/Editor/Data/MonoBleedingEdge/lib/mono/unityjit-win32'
Mono config path = 'D:/Program Files/2021.3.2f1c1/Editor/Data/MonoBleedingEdge/etc'
Using monoOptions --debugger-agent=transport=dt_socket,address=127.0.0.1:54126,server=n,suspend=y
