Using pre-set license
Built from '2021.3/china_unity/release' branch; Version is '2021.3.2f1c1 (7ac240095d88) revision 8045120'; Using compiler version '192829333'; Build Type 'Release'
OS: 'Windows 11  (10.0.22621) 64bit CoreCountrySpecific' Language: 'zh' Physical Memory: 16021 MB
BatchMode: 1, IsHumanControllingUs: 0, StartBugReporterOnCrash: 0, Is64bit: 1, IsPro: 1

COMMAND LINE ARGUMENTS:
D:\Program Files\2021.3.2f1c1\Editor\Unity.exe
-adb2
-batchMode
-noUpm
-name
AssetImportWorker943
-projectPath
E:/Unityproject/ARK
-logFile
Logs/AssetImportWorker943.log
-srvPort
54141
Successfully changed project path to: E:/Unityproject/ARK
E:/Unityproject/ARK
[UnityMemory] Configuration Parameters - Can be set up in boot.config
    "memorysetup-bucket-allocator-granularity=16"
    "memorysetup-bucket-allocator-bucket-count=8"
    "memorysetup-bucket-allocator-block-size=33554432"
    "memorysetup-bucket-allocator-block-count=8"
    "memorysetup-main-allocator-block-size=16777216"
    "memorysetup-thread-allocator-block-size=16777216"
    "memorysetup-gfx-main-allocator-block-size=16777216"
    "memorysetup-gfx-thread-allocator-block-size=16777216"
    "memorysetup-cache-allocator-block-size=4194304"
    "memorysetup-typetree-allocator-block-size=2097152"
    "memorysetup-profiler-bucket-allocator-granularity=16"
    "memorysetup-profiler-bucket-allocator-bucket-count=8"
    "memorysetup-profiler-bucket-allocator-block-size=33554432"
    "memorysetup-profiler-bucket-allocator-block-count=8"
    "memorysetup-profiler-allocator-block-size=16777216"
    "memorysetup-profiler-editor-allocator-block-size=1048576"
    "memorysetup-temp-allocator-size-main=16777216"
    "memorysetup-job-temp-allocator-block-size=2097152"
    "memorysetup-job-temp-allocator-block-size-background=1048576"
    "memorysetup-job-temp-allocator-reduction-small-platforms=262144"
    "memorysetup-temp-allocator-size-background-worker=32768"
    "memorysetup-temp-allocator-size-job-worker=262144"
    "memorysetup-temp-allocator-size-preload-manager=33554432"
    "memorysetup-temp-allocator-size-nav-mesh-worker=65536"
    "memorysetup-temp-allocator-size-audio-worker=65536"
    "memorysetup-temp-allocator-size-cloud-worker=32768"
    "memorysetup-temp-allocator-size-gi-baking-worker=262144"
    "memorysetup-temp-allocator-size-gfx=262144"
AS: AutoStreaming module initializing.
mdb reader table full -> cleaning up stale readers. Current readers:
    pid     thread     txnid
     15500 7870 -
     15500 72a4 -
     50476 baa4 -
     49564 4f8c -
     48616 bbcc -
     47808 c510 -
     40156 b518 -
     50644 c2a0 -
     46980 c604 -
     43328 a268 -
     51088 abf0 -
     48436 c580 -
     49296 bacc -
     50812 c7ec -
     50872 c220 -
     35580 c530 -
     15500 19cc -
     15500 3a48 -
     12132 c5ac -
     15500 7100 -
      2768 bc64 -
     15500 c18c -
     15500 bf00 -
     15500 3ba8 -
     15500 c578 -
     50108 9fb4 -
     50664 be54 -
     50488 bafc -
     50764 a870 -
     15500 c164 -
     15500 c174 -
     15500 68b8 -
     50364 724c -
     50792 bd90 -
     50432 c590 -
     19736 c5c8 -
      4988 59a8 -
     42216 c4ec -
     51160 bf60 -
       740 c318 -
     48800 c7f4 -
     46668 c198 -
     42652 c534 -
     48192 c0f4 -
     15500 6974 -
     15500 84ec -
     15500 3cb4 -
     15500 4314 -
     15500 2db0 -
     15500 7a30 -
     15500 7b1c -
     15500 573c -
     15500 96e0 -
     15500 96ac -
     15500 c84 -
     15500 6b44 -
     15500 2f18 -
     47964 23e0 -
     49460 9484 -
     45040 ba58 -
     51064 b14c -
     38488 b044 -
     49684 c394 -
     46640 b1dc -
     25284 9ca4 -
     50980 be18 -
     48848 b618 -
     45176 a314 -
     50268 7688 -
     36492 be38 -
     49064 c4e4 -
     49572 a564 -
     42236 ca8 -
     44960 bed8 -
     42500 a778 -
     44436 c2f8 -
     42320 9b04 -
     46136 b214 -
     50072 beb8 -
     42760 c5cc -
     47676 c50c -
     49712 b15c -
      2836 ab5c -
     31472 92b0 -
     49748 aeb4 -
     46048 c4d8 -
     49568 c298 -
     49244 b254 -
      1612 b33c -
     49076 c16c -
     50544 a2cc -
     49876 aa1c -
     15500 b364 -
     47520 be94 -
     51068 b4b0 -
     15500 c2c4 -
     51488 c91c -
     52124 c86c -
     15500 bb38 -
     51928 bfc0 -
     51668 c9ec -
     48968 b8b0 -
     52112 c728 -
     51708 c99c -
     51212 c810 -
     13664 c540 -
     15500 9e24 -
     50828 2dc8 -
     49492 b4ac -
     51572 c190 -
     51500 c888 -
     15500 ca18 -
     15500 a574 -
     51988 afbc -
     34244 a7fc -
     42152 c7dc -
     20708 a67c -
     44136 c454 -
     43348 c774 -
     45492 c9cc -
     49936 b804 -
     45392 b414 -
     51776 c87c -
     40828 a62c -
     49724 9c38 -
     51076 b530 -
Cleaned out 94 stale readers
Refreshing native plugins compatible for Editor in 148.87 ms, found 4 plugins.
Preloading 0 native plugins for Editor in 0.00 ms.
Initialize engine version: 2021.3.2f1c1 (7ac240095d88)
[Subsystems] Discovering subsystems at path D:/Program Files/2021.3.2f1c1/Editor/Data/Resources/UnitySubsystems
[Subsystems] Discovering subsystems at path E:/Unityproject/ARK/Assets
GfxDevice: creating device client; threaded=0; jobified=0
Direct3D:
    Version:  Direct3D 11.0 [level 11.1]
    Renderer: NVIDIA GeForce RTX 3060 Laptop GPU (ID=0x2560)
    Vendor:   NVIDIA
    VRAM:     6009 MB
    Driver:   31.0.15.3758
Initialize mono
Mono path[0] = 'D:/Program Files/2021.3.2f1c1/Editor/Data/Managed'
Mono path[1] = 'D:/Program Files/2021.3.2f1c1/Editor/Data/MonoBleedingEdge/lib/mono/unityjit-win32'
Mono config path = 'D:/Program Files/2021.3.2f1c1/Editor/Data/MonoBleedingEdge/etc'
Using monoOptions --debugger-agent=transport=dt_socket,address=127.0.0.1:54126,server=n,suspend=y
