Using pre-set license
Built from '2021.3/china_unity/release' branch; Version is '2021.3.2f1c1 (7ac240095d88) revision 8045120'; Using compiler version '192829333'; Build Type 'Release'
OS: 'Windows 11  (10.0.22621) 64bit CoreCountrySpecific' Language: 'zh' Physical Memory: 16021 MB
BatchMode: 1, IsHumanControllingUs: 0, StartBugReporterOnCrash: 0, Is64bit: 1, IsPro: 1

COMMAND LINE ARGUMENTS:
D:\Program Files\2021.3.2f1c1\Editor\Unity.exe
-adb2
-batchMode
-noUpm
-name
AssetImportWorker1615
-projectPath
E:/Unityproject/ARK
-logFile
Logs/AssetImportWorker1615.log
-srvPort
54141
Successfully changed project path to: E:/Unityproject/ARK
E:/Unityproject/ARK
[UnityMemory] Configuration Parameters - Can be set up in boot.config
    "memorysetup-bucket-allocator-granularity=16"
    "memorysetup-bucket-allocator-bucket-count=8"
    "memorysetup-bucket-allocator-block-size=33554432"
    "memorysetup-bucket-allocator-block-count=8"
    "memorysetup-main-allocator-block-size=16777216"
    "memorysetup-thread-allocator-block-size=16777216"
    "memorysetup-gfx-main-allocator-block-size=16777216"
    "memorysetup-gfx-thread-allocator-block-size=16777216"
    "memorysetup-cache-allocator-block-size=4194304"
    "memorysetup-typetree-allocator-block-size=2097152"
    "memorysetup-profiler-bucket-allocator-granularity=16"
    "memorysetup-profiler-bucket-allocator-bucket-count=8"
    "memorysetup-profiler-bucket-allocator-block-size=33554432"
    "memorysetup-profiler-bucket-allocator-block-count=8"
    "memorysetup-profiler-allocator-block-size=16777216"
    "memorysetup-profiler-editor-allocator-block-size=1048576"
    "memorysetup-temp-allocator-size-main=16777216"
    "memorysetup-job-temp-allocator-block-size=2097152"
    "memorysetup-job-temp-allocator-block-size-background=1048576"
    "memorysetup-job-temp-allocator-reduction-small-platforms=262144"
    "memorysetup-temp-allocator-size-background-worker=32768"
    "memorysetup-temp-allocator-size-job-worker=262144"
    "memorysetup-temp-allocator-size-preload-manager=33554432"
    "memorysetup-temp-allocator-size-nav-mesh-worker=65536"
    "memorysetup-temp-allocator-size-audio-worker=65536"
    "memorysetup-temp-allocator-size-cloud-worker=32768"
    "memorysetup-temp-allocator-size-gi-baking-worker=262144"
    "memorysetup-temp-allocator-size-gfx=262144"
AS: AutoStreaming module initializing.
mdb reader table full -> cleaning up stale readers. Current readers:
    pid     thread     txnid
     15500 7870 -
     15500 72a4 -
     15500 5350 -
     15500 d804 -
     46944 e8c4 -
     53064 dd0c -
     61340 e458 -
     15500 e728 -
     54476 c694 -
     60888 cadc -
     61248 e770 -
     21972 7fd4 -
     60896 db20 -
     60916 8a5c -
     59932 3de8 -
     15500 19cc -
     15500 9d38 -
     15500 488c -
     52420 a170 -
     54544 c818 -
     15500 3ba8 -
     15500 c948 -
     41080 d2b0 -
     54556 dd5c -
     12164 aa74 -
     55996 e2b4 -
     61008 ecb8 -
     15500 7ba8 -
     44428 8a88 -
     59860 e274 -
     37260 ebf4 -
     59836 2b7c -
     56368 69e4 -
     56032 ebdc -
     58944 eda4 -
     55472 5f4c -
     48640 d4e8 -
     51796 79e0 -
     59720 e714 -
     60472 bd30 -
     15500 d9a8 -
     58500 eb60 -
     54292 e1b0 -
     15500 6974 -
     15500 84ec -
     15500 3cb4 -
     15500 4314 -
     15500 2db0 -
     15500 7a30 -
     15500 7b1c -
     15500 573c -
     15500 96e0 -
     15500 96ac -
     15500 c84 -
     15500 6b44 -
     15500 2f18 -
     53348 d638 -
     15500 d0ac -
     59440 edd4 -
     59168 9d80 -
     49504 b300 -
     15500 c82c -
     60632 ef84 -
     15500 e070 -
     50936 6728 -
     55560 c6bc -
     61928 f1ec -
     15500 ea24 -
     61968 f214 -
     59732 e3bc -
     33284 cbfc -
     61536 f05c -
     15500 e118 -
     61864 d6e4 -
     46608 a5d8 -
     15500 9c40 -
     15500 6574 -
     54616 e2f4 -
     61800 eca0 -
     61788 f140 -
     61636 f0e4 -
     62396 f32c -
     15500 7fdc -
     58476 efa4 -
     15500 b6cc -
     15500 cd98 -
     60420 d8c0 -
     61640 f3d8 -
     62328 d9a4 -
     15500 c078 -
     60424 3c48 -
     59700 55d0 -
     15500 e478 -
     58648 e51c -
     10148 f33c -
     60192 c384 -
     15500 d560 -
     60988 ef60 -
     38340 e624 -
     57388 d9f0 -
     61424 e514 -
     15500 71fc -
     15500 e21c -
     48460 722c -
     36036 c7ac -
     54440 5050 -
     62392 d0dc -
     46988 ede8 -
     15500 d3a0 -
     58856 e4d0 -
     34484 a684 -
     59536 c3c0 -
     54644 d4fc -
     15500 e064 -
     61160 e01c -
     61628 c2ec -
     62040 eba0 -
     56628 e7e4 -
     59768 ceac -
     60156 c3c4 -
     15500 ea48 -
     60964 eac4 -
     55864 c218 -
     15500 e268 -
     41760 f06c -
     16520 d8d4 45395
Cleaned out 81 stale readers
Refreshing native plugins compatible for Editor in 144.56 ms, found 4 plugins.
Preloading 0 native plugins for Editor in 0.00 ms.
Initialize engine version: 2021.3.2f1c1 (7ac240095d88)
[Subsystems] Discovering subsystems at path D:/Program Files/2021.3.2f1c1/Editor/Data/Resources/UnitySubsystems
[Subsystems] Discovering subsystems at path E:/Unityproject/ARK/Assets
GfxDevice: creating device client; threaded=0; jobified=0
Direct3D:
    Version:  Direct3D 11.0 [level 11.1]
    Renderer: NVIDIA GeForce RTX 3060 Laptop GPU (ID=0x2560)
    Vendor:   NVIDIA
    VRAM:     6009 MB
    Driver:   31.0.15.3758
Initialize mono
Mono path[0] = 'D:/Program Files/2021.3.2f1c1/Editor/Data/Managed'
Mono path[1] = 'D:/Program Files/2021.3.2f1c1/Editor/Data/MonoBleedingEdge/lib/mono/unityjit-win32'
Mono config path = 'D:/Program Files/2021.3.2f1c1/Editor/Data/MonoBleedingEdge/etc'
Using monoOptions --debugger-agent=transport=dt_socket,address=127.0.0.1:54126,server=n,suspend=y
