Using pre-set license
Built from '2021.3/china_unity/release' branch; Version is '2021.3.2f1c1 (7ac240095d88) revision 8045120'; Using compiler version '192829333'; Build Type 'Release'
OS: 'Windows 11  (10.0.22621) 64bit CoreCountrySpecific' Language: 'zh' Physical Memory: 16021 MB
BatchMode: 1, IsHumanControllingUs: 0, StartBugReporterOnCrash: 0, Is64bit: 1, IsPro: 1

COMMAND LINE ARGUMENTS:
D:\Program Files\2021.3.2f1c1\Editor\Unity.exe
-adb2
-batchMode
-noUpm
-name
AssetImportWorker1260
-projectPath
E:/Unityproject/ARK
-logFile
Logs/AssetImportWorker1260.log
-srvPort
54141
Successfully changed project path to: E:/Unityproject/ARK
E:/Unityproject/ARK
[UnityMemory] Configuration Parameters - Can be set up in boot.config
    "memorysetup-bucket-allocator-granularity=16"
    "memorysetup-bucket-allocator-bucket-count=8"
    "memorysetup-bucket-allocator-block-size=33554432"
    "memorysetup-bucket-allocator-block-count=8"
    "memorysetup-main-allocator-block-size=16777216"
    "memorysetup-thread-allocator-block-size=16777216"
    "memorysetup-gfx-main-allocator-block-size=16777216"
    "memorysetup-gfx-thread-allocator-block-size=16777216"
    "memorysetup-cache-allocator-block-size=4194304"
    "memorysetup-typetree-allocator-block-size=2097152"
    "memorysetup-profiler-bucket-allocator-granularity=16"
    "memorysetup-profiler-bucket-allocator-bucket-count=8"
    "memorysetup-profiler-bucket-allocator-block-size=33554432"
    "memorysetup-profiler-bucket-allocator-block-count=8"
    "memorysetup-profiler-allocator-block-size=16777216"
    "memorysetup-profiler-editor-allocator-block-size=1048576"
    "memorysetup-temp-allocator-size-main=16777216"
    "memorysetup-job-temp-allocator-block-size=2097152"
    "memorysetup-job-temp-allocator-block-size-background=1048576"
    "memorysetup-job-temp-allocator-reduction-small-platforms=262144"
    "memorysetup-temp-allocator-size-background-worker=32768"
    "memorysetup-temp-allocator-size-job-worker=262144"
    "memorysetup-temp-allocator-size-preload-manager=33554432"
    "memorysetup-temp-allocator-size-nav-mesh-worker=65536"
    "memorysetup-temp-allocator-size-audio-worker=65536"
    "memorysetup-temp-allocator-size-cloud-worker=32768"
    "memorysetup-temp-allocator-size-gi-baking-worker=262144"
    "memorysetup-temp-allocator-size-gfx=262144"
AS: AutoStreaming module initializing.
mdb reader table full -> cleaning up stale readers. Current readers:
    pid     thread     txnid
     15500 7870 -
     15500 72a4 -
     15500 5350 -
     34488 b98c -
     55212 d4bc -
     49832 adcc -
     44476 d55c -
     43968 a4b0 -
     52980 d0b0 -
     54324 bbb8 -
     35672 d758 -
     52296 c9d8 -
     26480 2780 -
     52196 d0cc -
     37624 d440 -
     15500 19cc -
     15500 9d38 -
     15500 488c -
     54820 b8a8 -
     54552 d5b4 -
     15500 3ba8 -
     54340 a0b8 -
     46108 bd38 -
     55140 d6f8 -
     53268 ae5c -
     46656 d2a0 -
     54848 d630 -
     53636 ad90 -
     48600 d588 -
     49740 a174 -
     34116 261c -
      1060 6194 -
     56208 db94 -
     56248 dbbc -
     52808 d220 -
     54276 bfdc -
     56376 dc34 -
     57008 d1c4 -
     54016 b140 -
     56640 df80 -
     53428 d674 -
     56708 dd88 -
     45432 db7c -
     15500 6974 -
     15500 84ec -
     15500 3cb4 -
     15500 4314 -
     15500 2db0 -
     15500 7a30 -
     15500 7b1c -
     15500 573c -
     15500 96e0 -
     15500 96ac -
     15500 c84 -
     15500 6b44 -
     15500 2f18 -
     56160 db80 -
     52552 8b00 -
     55796 da70 -
     53024 de08 -
     47904 cf04 -
     51944 a2f4 -
     55468 d8f8 -
     57072 d254 -
     53144 b3b8 -
      7728 9fc8 -
     54196 c430 -
     55568 dc94 -
     57336 ce84 -
     57200 df88 -
     55800 7204 -
     23856 4d68 -
     53788 3004 -
     55848 4570 -
     52916 7c20 -
     40616 de24 -
     15500 6574 -
     57188 d4b0 -
     46716 dd78 -
     44228 dad8 -
     52456 df6c -
     57132 c83c -
     53864 c840 -
     54160 dc9c -
     15500 b6cc -
     56548 c9d0 -
     45300 df90 -
     27500 dc84 -
     53596 bbe4 -
     15500 c078 -
     53020 dc74 -
     55344 1130 -
     49496 d738 -
     55408 d468 -
     55616 ae1c -
      9660 6528 -
     55968 db2c -
     54660 daf8 -
     51080 d91c -
     56448 dc78 -
     40132 d968 -
     57136 b8dc -
     15328 db28 -
     55520 ddc8 -
     55244 acd8 -
     47744 130c -
     56968 c98c -
     54984 d9c0 -
     55384 9df4 -
     57032 d794 -
     56524 dbe0 -
     55680 db84 -
     52152 cf60 -
     49980 de98 -
     55708 84e0 -
     41460 b1f0 -
     55732 bd04 -
     41472 d1e4 -
     56420 c3e8 -
     42148 de3c -
     48916 dea8 -
     57012 defc -
     50928 dfdc -
     56996 d678 -
     52900 df54 44905
     55124 d5e4 -
Cleaned out 102 stale readers
Refreshing native plugins compatible for Editor in 175.33 ms, found 4 plugins.
Preloading 0 native plugins for Editor in 0.00 ms.
Initialize engine version: 2021.3.2f1c1 (7ac240095d88)
[Subsystems] Discovering subsystems at path D:/Program Files/2021.3.2f1c1/Editor/Data/Resources/UnitySubsystems
[Subsystems] Discovering subsystems at path E:/Unityproject/ARK/Assets
GfxDevice: creating device client; threaded=0; jobified=0
Direct3D:
    Version:  Direct3D 11.0 [level 11.1]
    Renderer: NVIDIA GeForce RTX 3060 Laptop GPU (ID=0x2560)
    Vendor:   NVIDIA
    VRAM:     6009 MB
    Driver:   31.0.15.3758
Initialize mono
Mono path[0] = 'D:/Program Files/2021.3.2f1c1/Editor/Data/Managed'
Mono path[1] = 'D:/Program Files/2021.3.2f1c1/Editor/Data/MonoBleedingEdge/lib/mono/unityjit-win32'
Mono config path = 'D:/Program Files/2021.3.2f1c1/Editor/Data/MonoBleedingEdge/etc'
Using monoOptions --debugger-agent=transport=dt_socket,address=127.0.0.1:54126,server=n,suspend=y
