Using pre-set license
Built from '2021.3/china_unity/release' branch; Version is '2021.3.2f1c1 (7ac240095d88) revision 8045120'; Using compiler version '192829333'; Build Type 'Release'
OS: 'Windows 11  (10.0.22621) 64bit CoreCountrySpecific' Language: 'zh' Physical Memory: 16021 MB
BatchMode: 1, IsHumanControllingUs: 0, StartBugReporterOnCrash: 0, Is64bit: 1, IsPro: 1

COMMAND LINE ARGUMENTS:
D:\Program Files\2021.3.2f1c1\Editor\Unity.exe
-adb2
-batchMode
-noUpm
-name
AssetImportWorker319
-projectPath
E:/Unityproject/ARK
-logFile
Logs/AssetImportWorker319.log
-srvPort
54141
Successfully changed project path to: E:/Unityproject/ARK
E:/Unityproject/ARK
[UnityMemory] Configuration Parameters - Can be set up in boot.config
    "memorysetup-bucket-allocator-granularity=16"
    "memorysetup-bucket-allocator-bucket-count=8"
    "memorysetup-bucket-allocator-block-size=33554432"
    "memorysetup-bucket-allocator-block-count=8"
    "memorysetup-main-allocator-block-size=16777216"
    "memorysetup-thread-allocator-block-size=16777216"
    "memorysetup-gfx-main-allocator-block-size=16777216"
    "memorysetup-gfx-thread-allocator-block-size=16777216"
    "memorysetup-cache-allocator-block-size=4194304"
    "memorysetup-typetree-allocator-block-size=2097152"
    "memorysetup-profiler-bucket-allocator-granularity=16"
    "memorysetup-profiler-bucket-allocator-bucket-count=8"
    "memorysetup-profiler-bucket-allocator-block-size=33554432"
    "memorysetup-profiler-bucket-allocator-block-count=8"
    "memorysetup-profiler-allocator-block-size=16777216"
    "memorysetup-profiler-editor-allocator-block-size=1048576"
    "memorysetup-temp-allocator-size-main=16777216"
    "memorysetup-job-temp-allocator-block-size=2097152"
    "memorysetup-job-temp-allocator-block-size-background=1048576"
    "memorysetup-job-temp-allocator-reduction-small-platforms=262144"
    "memorysetup-temp-allocator-size-background-worker=32768"
    "memorysetup-temp-allocator-size-job-worker=262144"
    "memorysetup-temp-allocator-size-preload-manager=33554432"
    "memorysetup-temp-allocator-size-nav-mesh-worker=65536"
    "memorysetup-temp-allocator-size-audio-worker=65536"
    "memorysetup-temp-allocator-size-cloud-worker=32768"
    "memorysetup-temp-allocator-size-gi-baking-worker=262144"
    "memorysetup-temp-allocator-size-gfx=262144"
AS: AutoStreaming module initializing.
mdb reader table full -> cleaning up stale readers. Current readers:
    pid     thread     txnid
     15500 7870 -
     15500 72a4 -
     22072 72f8 -
     26012 36c4 -
     22468 3fac -
     28524 815c -
     36660 4240 -
     34860 3b40 -
     21936 75d4 -
     12640 40d0 -
     36744 6d28 -
     34808 1ad8 -
     34996 961c -
     34632 575c -
     29860 8fc4 -
     32064 820c -
     15500 19cc -
     15500 3a48 -
     15932 2558 -
     15500 7100 -
     18680 21dc -
     31336 90c0 -
     17148 83a8 -
     15500 3ba8 -
     38168 8a14 -
     38560 15a4 -
     33760 7490 -
     21472 8664 -
     11496 7e34 -
      2968 4444 -
     27276 46a0 -
     24444 8124 -
     32508 3b08 -
     35096 4990 -
      7716 5138 -
     29672 9428 -
     28308 5358 -
     31012 421c -
     31592 70b4 -
     22492 7498 -
     30428 753c -
     33524 52c0 -
      7068 5ecc -
     32712 7ba0 -
     15500 6974 -
     15500 84ec -
     15500 3cb4 -
     15500 4314 -
     15500 2db0 -
     15500 7a30 -
     15500 7b1c -
     15500 573c -
     15500 96e0 -
     15500 96ac -
     15500 c84 -
     15500 6b44 -
     15500 2f18 -
     15248 51d8 -
     35776 34c4 -
     39728 2a40 -
     31628 8550 -
     26572 6ce0 -
     34388 552c -
     20464 5700 -
     13960 7560 -
      2360 3628 -
     18244 1a5c -
     39640 4574 -
     13544 9788 -
     15016 5bc -
     18120 2b80 -
     35836 8830 -
     27532 731c -
     12708 76d8 -
      6532 8a54 -
     27048 2b74 -
     30396 4bbc -
     39860 1e40 -
      9296 7438 -
     36392 9988 -
     28184 938c -
      6128 6e34 -
     10176 6654 -
     22400 3480 -
      9944 7874 -
     36996 9950 -
     29916 2ba8 -
     36048 12e0 -
     36940 99dc -
      1512 95b0 -
      9956 818 -
     34468 7fa0 -
     22568 8288 -
     15060 a0c -
     30364 8398 -
      1132 206c -
     37696 289c -
     37592 4500 -
     16852 3944 -
     15300 95d8 -
     11056 7f0c -
     30284 3cdc -
     40364 9d90 -
      7564 4440 -
     30904 98d0 -
     15148 4d88 -
     27660 9f64 -
     40488 2cf8 -
     25848 9d5c -
     40916 5ae4 -
      9480 8374 -
     26476 9680 -
     37444 8dec -
     40856 35b8 -
     29516 d40 -
     40196 6740 -
     33616 53b0 -
     29868 7764 -
     15000 58b4 -
     30604 91f8 -
     28400 9e68 -
     10048 5878 -
     40480 7658 -
     23736 7c5c -
     24216 2d58 -
     34220 1848 -
Cleaned out 106 stale readers
Refreshing native plugins compatible for Editor in 137.16 ms, found 4 plugins.
Preloading 0 native plugins for Editor in 0.00 ms.
Initialize engine version: 2021.3.2f1c1 (7ac240095d88)
[Subsystems] Discovering subsystems at path D:/Program Files/2021.3.2f1c1/Editor/Data/Resources/UnitySubsystems
[Subsystems] Discovering subsystems at path E:/Unityproject/ARK/Assets
GfxDevice: creating device client; threaded=0; jobified=0
Direct3D:
    Version:  Direct3D 11.0 [level 11.1]
    Renderer: NVIDIA GeForce RTX 3060 Laptop GPU (ID=0x2560)
    Vendor:   NVIDIA
    VRAM:     6009 MB
    Driver:   31.0.15.3758
Initialize mono
Mono path[0] = 'D:/Program Files/2021.3.2f1c1/Editor/Data/Managed'
Mono path[1] = 'D:/Program Files/2021.3.2f1c1/Editor/Data/MonoBleedingEdge/lib/mono/unityjit-win32'
Mono config path = 'D:/Program Files/2021.3.2f1c1/Editor/Data/MonoBleedingEdge/etc'
Using monoOptions --debugger-agent=transport=dt_socket,address=127.0.0.1:54126,server=n,suspend=y
