Using pre-set license
Built from '2021.3/china_unity/release' branch; Version is '2021.3.2f1c1 (7ac240095d88) revision 8045120'; Using compiler version '192829333'; Build Type 'Release'
OS: 'Windows 11  (10.0.22621) 64bit CoreCountrySpecific' Language: 'zh' Physical Memory: 16021 MB
BatchMode: 1, IsHumanControllingUs: 0, StartBugReporterOnCrash: 0, Is64bit: 1, IsPro: 1

COMMAND LINE ARGUMENTS:
D:\Program Files\2021.3.2f1c1\Editor\Unity.exe
-adb2
-batchMode
-noUpm
-name
AssetImportWorker1301
-projectPath
E:/Unityproject/ARK
-logFile
Logs/AssetImportWorker1301.log
-srvPort
54141
Successfully changed project path to: E:/Unityproject/ARK
E:/Unityproject/ARK
[UnityMemory] Configuration Parameters - Can be set up in boot.config
    "memorysetup-bucket-allocator-granularity=16"
    "memorysetup-bucket-allocator-bucket-count=8"
    "memorysetup-bucket-allocator-block-size=33554432"
    "memorysetup-bucket-allocator-block-count=8"
    "memorysetup-main-allocator-block-size=16777216"
    "memorysetup-thread-allocator-block-size=16777216"
    "memorysetup-gfx-main-allocator-block-size=16777216"
    "memorysetup-gfx-thread-allocator-block-size=16777216"
    "memorysetup-cache-allocator-block-size=4194304"
    "memorysetup-typetree-allocator-block-size=2097152"
    "memorysetup-profiler-bucket-allocator-granularity=16"
    "memorysetup-profiler-bucket-allocator-bucket-count=8"
    "memorysetup-profiler-bucket-allocator-block-size=33554432"
    "memorysetup-profiler-bucket-allocator-block-count=8"
    "memorysetup-profiler-allocator-block-size=16777216"
    "memorysetup-profiler-editor-allocator-block-size=1048576"
    "memorysetup-temp-allocator-size-main=16777216"
    "memorysetup-job-temp-allocator-block-size=2097152"
    "memorysetup-job-temp-allocator-block-size-background=1048576"
    "memorysetup-job-temp-allocator-reduction-small-platforms=262144"
    "memorysetup-temp-allocator-size-background-worker=32768"
    "memorysetup-temp-allocator-size-job-worker=262144"
    "memorysetup-temp-allocator-size-preload-manager=33554432"
    "memorysetup-temp-allocator-size-nav-mesh-worker=65536"
    "memorysetup-temp-allocator-size-audio-worker=65536"
    "memorysetup-temp-allocator-size-cloud-worker=32768"
    "memorysetup-temp-allocator-size-gi-baking-worker=262144"
    "memorysetup-temp-allocator-size-gfx=262144"
AS: AutoStreaming module initializing.
mdb reader table full -> cleaning up stale readers. Current readers:
    pid     thread     txnid
     15500 7870 -
     15500 72a4 -
     57188 d4b0 -
     46716 dd78 -
     15500 c078 -
     44228 dad8 -
     52456 df6c -
     57132 c83c -
     53864 c840 -
     54160 dc9c -
     56548 c9d0 -
     45300 df90 -
     27500 dc84 -
     53596 bbe4 -
     53020 dc74 -
     55344 1130 -
     15500 19cc -
     15500 3a48 -
     49496 d738 -
     15500 7100 -
     55408 d468 -
     15500 c18c -
     15500 bf00 -
     15500 3ba8 -
     15500 c578 -
     55616 ae1c -
      9660 6528 -
     55968 db2c -
     54660 daf8 -
     15500 c164 -
     15500 c174 -
     15500 68b8 -
     51080 d91c -
     56448 dc78 -
     40132 d968 -
     57136 b8dc -
     15328 db28 -
     55520 ddc8 -
     55244 acd8 -
     47744 130c -
     56968 c98c -
     54984 d9c0 -
     55384 9df4 -
     57032 d794 -
     15500 6974 -
     15500 84ec -
     15500 3cb4 -
     15500 4314 -
     15500 2db0 -
     15500 7a30 -
     15500 7b1c -
     15500 573c -
     15500 96e0 -
     15500 96ac -
     15500 c84 -
     15500 6b44 -
     15500 2f18 -
     56524 dbe0 -
     55680 db84 -
     52152 cf60 -
     49980 de98 -
     55708 84e0 -
     41460 b1f0 -
     55732 bd04 -
     41472 d1e4 -
     56420 c3e8 -
     42148 de3c -
     48916 dea8 -
     15500 c6f8 -
     57012 defc -
     50928 dfdc -
     56996 d678 -
     52900 df54 -
     54452 bc94 -
     56396 bd54 -
     54284 dadc -
     55232 3d68 -
     17648 aefc -
     56772 c1bc -
     54208 b974 -
     20508 5ea4 -
     15500 d140 -
     15500 b8a8 -
     15500 8d54 -
     15500 d350 -
     55500 d4c0 -
     52760 5be4 -
     53648 911c -
     54768 b31c -
     56820 a750 -
     50240 9c44 -
     41880 dfc0 -
     15500 b364 -
     49236 ca80 -
     41192 d884 -
     15500 c2c4 -
     57184 d324 -
     55640 cb1c -
     15500 bb38 -
     52672 5be0 -
     52756 be74 -
     52276 b60 -
     47412 8bd4 -
     41364 d4e0 -
     50156 c6e0 -
     56012 d7c8 -
     15500 9e24 -
     51464 d780 -
     48232 a640 -
     36376 bb78 -
     40952 bd10 -
     15500 ca18 -
     15500 a574 -
     56900 aae0 -
     54952 ce70 -
     42224 d554 -
     53344 d924 -
     52860 ddb8 -
     54500 d43c -
     17624 d8b4 -
     44916 b380 -
     55548 b074 -
     57100 d8f4 -
     52404 df50 -
     54004 bc2c -
     40616 de24 -
Cleaned out 88 stale readers
Refreshing native plugins compatible for Editor in 145.48 ms, found 4 plugins.
Preloading 0 native plugins for Editor in 0.00 ms.
Initialize engine version: 2021.3.2f1c1 (7ac240095d88)
[Subsystems] Discovering subsystems at path D:/Program Files/2021.3.2f1c1/Editor/Data/Resources/UnitySubsystems
[Subsystems] Discovering subsystems at path E:/Unityproject/ARK/Assets
GfxDevice: creating device client; threaded=0; jobified=0
Direct3D:
    Version:  Direct3D 11.0 [level 11.1]
    Renderer: NVIDIA GeForce RTX 3060 Laptop GPU (ID=0x2560)
    Vendor:   NVIDIA
    VRAM:     6009 MB
    Driver:   31.0.15.3758
Initialize mono
Mono path[0] = 'D:/Program Files/2021.3.2f1c1/Editor/Data/Managed'
Mono path[1] = 'D:/Program Files/2021.3.2f1c1/Editor/Data/MonoBleedingEdge/lib/mono/unityjit-win32'
Mono config path = 'D:/Program Files/2021.3.2f1c1/Editor/Data/MonoBleedingEdge/etc'
Using monoOptions --debugger-agent=transport=dt_socket,address=127.0.0.1:54126,server=n,suspend=y
