Using pre-set license
Built from '2021.3/china_unity/release' branch; Version is '2021.3.2f1c1 (7ac240095d88) revision 8045120'; Using compiler version '192829333'; Build Type 'Release'
OS: 'Windows 11  (10.0.22621) 64bit CoreCountrySpecific' Language: 'zh' Physical Memory: 16021 MB
BatchMode: 1, IsHumanControllingUs: 0, StartBugReporterOnCrash: 0, Is64bit: 1, IsPro: 1

COMMAND LINE ARGUMENTS:
D:\Program Files\2021.3.2f1c1\Editor\Unity.exe
-adb2
-batchMode
-noUpm
-name
AssetImportWorker429
-projectPath
E:/Unityproject/ARK
-logFile
Logs/AssetImportWorker429.log
-srvPort
54141
Successfully changed project path to: E:/Unityproject/ARK
E:/Unityproject/ARK
[UnityMemory] Configuration Parameters - Can be set up in boot.config
    "memorysetup-bucket-allocator-granularity=16"
    "memorysetup-bucket-allocator-bucket-count=8"
    "memorysetup-bucket-allocator-block-size=33554432"
    "memorysetup-bucket-allocator-block-count=8"
    "memorysetup-main-allocator-block-size=16777216"
    "memorysetup-thread-allocator-block-size=16777216"
    "memorysetup-gfx-main-allocator-block-size=16777216"
    "memorysetup-gfx-thread-allocator-block-size=16777216"
    "memorysetup-cache-allocator-block-size=4194304"
    "memorysetup-typetree-allocator-block-size=2097152"
    "memorysetup-profiler-bucket-allocator-granularity=16"
    "memorysetup-profiler-bucket-allocator-bucket-count=8"
    "memorysetup-profiler-bucket-allocator-block-size=33554432"
    "memorysetup-profiler-bucket-allocator-block-count=8"
    "memorysetup-profiler-allocator-block-size=16777216"
    "memorysetup-profiler-editor-allocator-block-size=1048576"
    "memorysetup-temp-allocator-size-main=16777216"
    "memorysetup-job-temp-allocator-block-size=2097152"
    "memorysetup-job-temp-allocator-block-size-background=1048576"
    "memorysetup-job-temp-allocator-reduction-small-platforms=262144"
    "memorysetup-temp-allocator-size-background-worker=32768"
    "memorysetup-temp-allocator-size-job-worker=262144"
    "memorysetup-temp-allocator-size-preload-manager=33554432"
    "memorysetup-temp-allocator-size-nav-mesh-worker=65536"
    "memorysetup-temp-allocator-size-audio-worker=65536"
    "memorysetup-temp-allocator-size-cloud-worker=32768"
    "memorysetup-temp-allocator-size-gi-baking-worker=262144"
    "memorysetup-temp-allocator-size-gfx=262144"
AS: AutoStreaming module initializing.
mdb reader table full -> cleaning up stale readers. Current readers:
    pid     thread     txnid
     15500 7870 -
     15500 72a4 -
     15500 5350 -
     11652 9fa0 -
     11956 4d80 -
     40140 56c4 -
      7412 6e00 -
     40764 95d4 -
     21864 8620 -
      9768 9d4c -
     22856 9d10 -
     17568 5188 -
     21044 8040 -
     18224 4098 -
     39500 76b8 -
     15500 19cc -
     15500 9d38 -
     15500 488c -
      9568 3974 -
     34296 70a4 -
     15500 3ba8 -
     35328 8b98 -
     19920 3f84 -
     32992 72d4 -
     39952 9f44 -
     39664 6a20 -
     21420 8e84 -
     33976 4270 -
     39488 4e90 -
     40988 a018 -
     40568 9ac4 -
     41956 a3f0 -
     40748 6604 -
     39972 a068 -
     22676 905c -
     14944 5c18 -
     40528 4a48 -
     26104 6df0 -
     33636 9c04 -
     41556 9e14 -
     37208 3ffc -
     30804 88f4 -
     38700 9f60 -
     15500 6974 -
     15500 84ec -
     15500 3cb4 -
     15500 4314 -
     15500 2db0 -
     15500 7a30 -
     15500 7b1c -
     15500 573c -
     15500 96e0 -
     15500 96ac -
     15500 c84 -
     15500 6b44 -
     15500 2f18 -
     19088 7d3c -
     14464 1aa0 -
     18736 2a0 -
     36184 9c54 -
     31120 a0fc -
     41496 9d64 -
      6840 6e8c -
     41944 b50 -
     38612 9c20 -
     22808 9d84 -
     37708 9f0 -
     18052 6704 -
      3188 5950 -
     33552 5104 -
     28936 7bd0 -
     24704 11fc -
     40848 5df4 -
     11196 a2b0 -
      3940 7ee0 -
     39876 830 -
     15500 6574 -
     40560 77c4 -
     30372 7754 -
     40584 4a94 -
     17296 a040 -
     27340 b78 -
      7612 a098 -
     41272 9ac -
     26656 a340 -
     22736 7f4c -
     40212 9ef0 -
      8360 3008 -
     40996 1dd8 -
      7396 4d20 -
     26720 8730 -
     25872 1898 -
     41544 6c44 -
     38740 a2e8 -
      8820 9c88 -
     40992 7364 -
     40588 790 -
     34400 a2a0 -
     40696 4004 -
     41304 9b64 -
     37936 9c5c -
     41932 7a14 -
     41296 2f1c -
      9996 13b4 -
     37852 799c -
     41684 51a0 -
      8860 a094 -
     41620 68a4 -
     37388 2004 -
     24108 2d70 -
     32440 a148 -
     10020 6d34 -
     14008 43fc -
     41100 7d80 -
      4732 5970 -
     40160 a374 -
     41508 684c -
      5528 2d04 -
     30408 1cac -
     23884 9d60 -
     26276 8698 -
     32996 940c -
     16192 a3c4 -
     21384 6d0 -
      5380 9f9c -
     33200 986c -
Cleaned out 105 stale readers
Refreshing native plugins compatible for Editor in 117.78 ms, found 4 plugins.
Preloading 0 native plugins for Editor in 0.00 ms.
Initialize engine version: 2021.3.2f1c1 (7ac240095d88)
[Subsystems] Discovering subsystems at path D:/Program Files/2021.3.2f1c1/Editor/Data/Resources/UnitySubsystems
[Subsystems] Discovering subsystems at path E:/Unityproject/ARK/Assets
GfxDevice: creating device client; threaded=0; jobified=0
Direct3D:
    Version:  Direct3D 11.0 [level 11.1]
    Renderer: NVIDIA GeForce RTX 3060 Laptop GPU (ID=0x2560)
    Vendor:   NVIDIA
    VRAM:     6009 MB
    Driver:   31.0.15.3758
Initialize mono
Mono path[0] = 'D:/Program Files/2021.3.2f1c1/Editor/Data/Managed'
Mono path[1] = 'D:/Program Files/2021.3.2f1c1/Editor/Data/MonoBleedingEdge/lib/mono/unityjit-win32'
Mono config path = 'D:/Program Files/2021.3.2f1c1/Editor/Data/MonoBleedingEdge/etc'
Using monoOptions --debugger-agent=transport=dt_socket,address=127.0.0.1:54126,server=n,suspend=y
