Using pre-set license
Built from '2021.3/china_unity/release' branch; Version is '2021.3.2f1c1 (7ac240095d88) revision 8045120'; Using compiler version '192829333'; Build Type 'Release'
OS: 'Windows 11  (10.0.22621) 64bit CoreCountrySpecific' Language: 'zh' Physical Memory: 16021 MB
BatchMode: 1, IsHumanControllingUs: 0, StartBugReporterOnCrash: 0, Is64bit: 1, IsPro: 1

COMMAND LINE ARGUMENTS:
D:\Program Files\2021.3.2f1c1\Editor\Unity.exe
-adb2
-batchMode
-noUpm
-name
AssetImportWorker1213
-projectPath
E:/Unityproject/ARK
-logFile
Logs/AssetImportWorker1213.log
-srvPort
54141
Successfully changed project path to: E:/Unityproject/ARK
E:/Unityproject/ARK
[UnityMemory] Configuration Parameters - Can be set up in boot.config
    "memorysetup-bucket-allocator-granularity=16"
    "memorysetup-bucket-allocator-bucket-count=8"
    "memorysetup-bucket-allocator-block-size=33554432"
    "memorysetup-bucket-allocator-block-count=8"
    "memorysetup-main-allocator-block-size=16777216"
    "memorysetup-thread-allocator-block-size=16777216"
    "memorysetup-gfx-main-allocator-block-size=16777216"
    "memorysetup-gfx-thread-allocator-block-size=16777216"
    "memorysetup-cache-allocator-block-size=4194304"
    "memorysetup-typetree-allocator-block-size=2097152"
    "memorysetup-profiler-bucket-allocator-granularity=16"
    "memorysetup-profiler-bucket-allocator-bucket-count=8"
    "memorysetup-profiler-bucket-allocator-block-size=33554432"
    "memorysetup-profiler-bucket-allocator-block-count=8"
    "memorysetup-profiler-allocator-block-size=16777216"
    "memorysetup-profiler-editor-allocator-block-size=1048576"
    "memorysetup-temp-allocator-size-main=16777216"
    "memorysetup-job-temp-allocator-block-size=2097152"
    "memorysetup-job-temp-allocator-block-size-background=1048576"
    "memorysetup-job-temp-allocator-reduction-small-platforms=262144"
    "memorysetup-temp-allocator-size-background-worker=32768"
    "memorysetup-temp-allocator-size-job-worker=262144"
    "memorysetup-temp-allocator-size-preload-manager=33554432"
    "memorysetup-temp-allocator-size-nav-mesh-worker=65536"
    "memorysetup-temp-allocator-size-audio-worker=65536"
    "memorysetup-temp-allocator-size-cloud-worker=32768"
    "memorysetup-temp-allocator-size-gi-baking-worker=262144"
    "memorysetup-temp-allocator-size-gfx=262144"
AS: AutoStreaming module initializing.
mdb reader table full -> cleaning up stale readers. Current readers:
    pid     thread     txnid
     15500 7870 -
     15500 72a4 -
     45328 cd3c -
     54388 d2e8 -
     15500 c078 -
     54784 d610 -
     41612 9af4 -
     53584 d334 -
     29896 ae98 -
     55284 d548 -
     45924 d60c -
      4320 d3a8 -
     50656 cb54 -
     53340 d39c -
     23536 c858 -
     48956 cb30 -
     15500 19cc -
     15500 3a48 -
     33064 d4f0 -
     15500 7100 -
     52728 d044 -
     15500 c18c -
     15500 bf00 -
     15500 3ba8 -
     15500 c578 -
     54872 b53c -
     55060 b5a4 -
     55072 ce9c -
     51964 d6ec -
     15500 c164 -
     15500 c174 -
     15500 68b8 -
     54736 c0d0 -
     50248 d1e0 -
     55276 d5ac -
     53876 b288 -
     52388 2864 -
     54684 9504 -
     53932 d594 -
     52068 d70c -
     43692 d178 -
     51740 d7e0 -
     52968 d2c4 -
     48448 bc60 -
     15500 6974 -
     15500 84ec -
     15500 3cb4 -
     15500 4314 -
     15500 2db0 -
     15500 7a30 -
     15500 7b1c -
     15500 573c -
     15500 96e0 -
     15500 96ac -
     15500 c84 -
     15500 6b44 -
     15500 2f18 -
     54924 876c -
     55124 d5e4 -
     34488 b98c -
     55212 d4bc -
     49832 adcc -
     44476 d55c -
     43968 a4b0 -
     52980 d0b0 -
     54324 bbb8 -
     35672 d758 -
     52296 c9d8 -
     15500 c6f8 -
     26480 2780 -
     52196 d0cc -
     37624 d440 -
     54820 b8a8 -
     54552 d5b4 -
     54340 a0b8 -
     46108 bd38 -
     55140 d6f8 -
     53268 ae5c -
     46656 d2a0 -
     54848 d630 -
     53636 ad90 -
     15500 d140 -
     15500 b8a8 -
     15500 8d54 -
     15500 d350 -
     48600 d588 -
     49740 a174 -
     34116 261c -
      1060 6194 -
     56208 db94 -
     56248 dbbc -
     52808 d220 -
     15500 b364 -
     54276 bfdc -
     56376 dc34 -
     15500 c2c4 -
     57008 d1c4 -
     54016 b140 -
     15500 bb38 -
     56640 df80 -
     53428 d674 -
     56708 dd88 -
     45432 db7c -
     56160 db80 -
     52552 8b00 -
     55796 da70 -
     15500 9e24 -
     53024 de08 -
     47904 cf04 -
     51944 a2f4 -
     55468 d8f8 -
     15500 ca18 -
     15500 a574 -
     57072 d254 -
     53144 b3b8 -
      7728 9fc8 -
     54196 c430 -
     55568 dc94 -
     57336 ce84 -
     57200 df88 -
     55800 7204 -
     23856 4d68 -
     53788 3004 -
     55848 4570 -
     52916 7c20 -
     40616 de24 42087
Cleaned out 88 stale readers
Refreshing native plugins compatible for Editor in 133.12 ms, found 4 plugins.
Preloading 0 native plugins for Editor in 0.00 ms.
Initialize engine version: 2021.3.2f1c1 (7ac240095d88)
[Subsystems] Discovering subsystems at path D:/Program Files/2021.3.2f1c1/Editor/Data/Resources/UnitySubsystems
[Subsystems] Discovering subsystems at path E:/Unityproject/ARK/Assets
GfxDevice: creating device client; threaded=0; jobified=0
Direct3D:
    Version:  Direct3D 11.0 [level 11.1]
    Renderer: NVIDIA GeForce RTX 3060 Laptop GPU (ID=0x2560)
    Vendor:   NVIDIA
    VRAM:     6009 MB
    Driver:   31.0.15.3758
Initialize mono
Mono path[0] = 'D:/Program Files/2021.3.2f1c1/Editor/Data/Managed'
Mono path[1] = 'D:/Program Files/2021.3.2f1c1/Editor/Data/MonoBleedingEdge/lib/mono/unityjit-win32'
Mono config path = 'D:/Program Files/2021.3.2f1c1/Editor/Data/MonoBleedingEdge/etc'
Using monoOptions --debugger-agent=transport=dt_socket,address=127.0.0.1:54126,server=n,suspend=y
